<?xml version="1.0" encoding="UTF-8"?>
<testng-results ignored="0" total="1" passed="1" failed="0" skipped="0">
  <reporter-output>
  </reporter-output>
  <suite started-at="2021-02-08T13:18:55 EST" name="Suite" finished-at="2021-02-08T13:18:55 EST" duration-ms="62">
    <groups>
    </groups>
    <test started-at="2021-02-08T13:18:55 EST" name="Test" finished-at="2021-02-08T13:18:55 EST" duration-ms="62">
      <class name="base.ExecutionClass">
        <test-method signature="FindLongestWord()[pri:0, instance:base.ExecutionClass@527e5409]" started-at="2021-02-08T13:18:55 EST" name="FindLongestWord" finished-at="2021-02-08T13:18:55 EST" duration-ms="14" status="PASS">
          <reporter-output>
          </reporter-output>
        </test-method> <!-- FindLongestWord -->
      </class> <!-- base.ExecutionClass -->
    </test> <!-- Test -->
  </suite> <!-- Suite -->
</testng-results>
